[debug] > Exec(;set _root_.scala.collection.Seq(historyPath := None,shellPrompt := { _ => "" },SettingKey[_root_.scala.Option[_root_.sbt.File]]("sbtStructureOutputFile") in _root_.sbt.Global := _root_.scala.Some(_root_.sbt.file("C:/Users/Valery/AppData/Local/Temp/sbt-structure.xml")),SettingKey[_root_.java.lang.String]("sbtStructureOptions") in _root_.sbt.Global := "download, resolveClassifiers, resolveSbtClassifiers");apply -cp "C:/Users/Valery/.IntelliJIdea2019.2/config/plugins/Scala/repo/org.jetbrains/sbt-structure-extractor/scala_2.12/sbt_1.0/2018.2.1+4-88400d3f/jars/sbt-structure-extractor.jar" org.jetbrains.sbt.CreateTasks;*/*:dumpStructure, Some(012a5864-270b-4660-8135-8b1721333dde), Some(CommandSource(console0)))
[debug] > Exec(set _root_.scala.collection.Seq(historyPath := None,shellPrompt := { _ => "" },SettingKey[_root_.scala.Option[_root_.sbt.File]]("sbtStructureOutputFile") in _root_.sbt.Global := _root_.scala.Some(_root_.sbt.file("C:/Users/Valery/AppData/Local/Temp/sbt-structure.xml")),SettingKey[_root_.java.lang.String]("sbtStructureOptions") in _root_.sbt.Global := "download, resolveClassifiers, resolveSbtClassifiers"), None, Some(CommandSource(console0)))
[info] Defining Global / sbtStructureOptions, Global / sbtStructureOutputFile and 1 others.
[info] The new values will be used by cleanKeepGlobs
[info] 	Run `last` for details.
[debug] Defining 
[debug] 	Global / sbtStructureOptions
[debug] 	Global / sbtStructureOutputFile
[debug] 	history
[debug] 	shellPrompt
[debug] 
[debug] The new values will be used by 
[debug] 	cleanKeepGlobs
[info] Reapplying settings...
[info] set current project to pokrovsky_homework (in build file:/E:/Programming/JavaProjects/pokrovsky_homework/)
[debug] > Exec(apply -cp "C:/Users/Valery/.IntelliJIdea2019.2/config/plugins/Scala/repo/org.jetbrains/sbt-structure-extractor/scala_2.12/sbt_1.0/2018.2.1+4-88400d3f/jars/sbt-structure-extractor.jar" org.jetbrains.sbt.CreateTasks, None, Some(CommandSource(console0)))
[info] Applying State transformations org.jetbrains.sbt.CreateTasks from C:/Users/Valery/.IntelliJIdea2019.2/config/plugins/Scala/repo/org.jetbrains/sbt-structure-extractor/scala_2.12/sbt_1.0/2018.2.1+4-88400d3f/jars/sbt-structure-extractor.jar
[info] Reapplying settings...
[info] set current project to pokrovsky_homework (in build file:/E:/Programming/JavaProjects/pokrovsky_homework/)
[debug] > Exec(*/*:dumpStructure, None, Some(CommandSource(console0)))
[debug] Evaluating tasks: Global / dumpStructure
[debug] Running task... Cancel: Signal, check cycles: false, forcegc: true
[warn] There may be incompatibilities among your library dependencies; run 'evicted' to see detailed eviction warnings.
