[debug] > Exec(early(addDefaultCommands), None, None)
[debug] > Exec(addDefaultCommands, None, None)
[debug] > Exec(early(initialize), None, None)
[debug] > Exec(initialize, None, None)
[debug] > Exec(boot, None, None)
[debug] > Exec(writeSbtVersion, None, None)
[debug] > Exec(reload, None, None)
[debug] > Exec(sbtStashOnFailure, None, None)
[debug] > Exec(onFailure loadFailed, None, None)
[debug] > Exec(loadp, None, None)
[info] welcome to sbt 1.4.0 (Oracle Corporation Java 1.8.0_261)
[debug]       Load.loadUnit: plugins took 96.032ms
[debug]       Load.loadUnit: defsScala took 0.3124ms
[debug] [Loading] Scanning directory C:\Users\Valery\.sbt\1.0\plugins
[debug] [Loading] Found non-root projects 
[debug] [Loading] Done in C:\Users\Valery\.sbt\1.0\plugins, returning: ()
[debug] deducing auto plugins based on known facts Set(Atom(sbt.plugins.CorePlugin)) and clauses Clauses(List(Clause(Atom(sbt.plugins.JvmPlugin),Set(Atom(sbt.plugins.IvyPlugin))), Clause(Atom(sbt.ScriptedPlugin),Set(Atom(sbt.plugins.JvmPlugin))), Clause(Atom(sbt.plugins.SbtPlugin),Set(Atom(sbt.ScriptedPlugin))), Clause(Atom(sbt.plugins.SemanticdbPlugin),Set(Atom(sbt.plugins.JvmPlugin))), Clause(Atom(sbt.plugins.JUnitXmlReportPlugin),Set(Atom(sbt.plugins.JvmPlugin))), Clause(Atom(sbt.plugins.MiniDependencyTreePlugin),Set(Atom(sbt.plugins.JvmPlugin))), Clause(Atom(sbt.plugins.CorePlugin),Set(Atom(sbt.plugins.IvyPlugin))), Clause(Atom(sbt.plugins.IvyPlugin),Set(Atom(sbt.plugins.JvmPlugin))), Clause(Atom(sbt.plugins.JvmPlugin),Set(Atom(sbt.plugins.SemanticdbPlugin))), Clause(Atom(sbt.plugins.JvmPlugin),Set(Atom(sbt.plugins.JUnitXmlReportPlugin))), Clause(Atom(sbt.plugins.CorePlugin),Set(Atom(sbt.plugins.Giter8TemplatePlugin))), Clause(Atom(sbt.plugins.JvmPlugin),Set(Atom(sbt.plugins.MiniDependencyTreePlugin)))))
[debug]   :: deduced result: Matched(sbt.plugins.CorePlugin,sbt.plugins.Giter8TemplatePlugin,sbt.plugins.IvyPlugin,sbt.plugins.JvmPlugin,sbt.plugins.MiniDependencyTreePlugin,sbt.plugins.JUnitXmlReportPlugin,sbt.plugins.SemanticdbPlugin)
[debug] Plugins.deducer#function took 21.9888 ms
[debug]           Load.resolveProject(global-plugins) took 44.0901ms
[debug]         Load.loadTransitive: finalizeProject(Project(id global-plugins, base: C:\Users\Valery\.sbt\1.0\plugins, plugins: List(<none>))) took 93.3634ms
[debug] [Loading] Done in C:\Users\Valery\.sbt\1.0\plugins, returning: (global-plugins)
[debug]       Load.loadUnit: loadedProjectsRaw took 225.1343ms
[debug]       Load.loadUnit: cleanEvalClasses took 0.2989ms
[debug]     Load.loadUnit(file:/C:/Users/Valery/.sbt/1.0/plugins/, ...) took 328.8772ms
[debug]   Load.apply: load took 477.1399ms
[debug]   Load.apply: resolveProjects took 6.6352ms
[debug]   Load.apply: finalTransforms took 61.6972ms
[debug]   Load.apply: config.delegates took 10.0275ms
[debug]   Load.apply: Def.make(settings)... took 686.8521ms
[debug]   Load.apply: structureIndex took 101.2042ms
[debug]   Load.apply: mkStreams took 1.9812ms
[info] loading global plugins from C:\Users\Valery\.sbt\1.0\plugins
[debug] Running task... Cancel: Signal, check cycles: false, forcegc: true
[debug] Load.defaultLoad until apply took 3065.7822ms
[debug]           Load.loadUnit: plugins took 23.4254ms
[debug]           Load.loadUnit: defsScala took 0.0038ms
[debug] [Loading] Scanning directory E:\Programming\JavaProjects\pokrovsky_homework\bigData2020\hw1\pokrovsky\project
[debug] [Loading] Found non-root projects 
[debug] [Loading] Done in E:\Programming\JavaProjects\pokrovsky_homework\bigData2020\hw1\pokrovsky\project, returning: ()
[debug] deducing auto plugins based on known facts Set(Atom(sbt.plugins.CorePlugin)) and clauses Clauses(List(Clause(Atom(sbt.plugins.JvmPlugin),Set(Atom(sbt.plugins.IvyPlugin))), Clause(Atom(sbt.ScriptedPlugin),Set(Atom(sbt.plugins.JvmPlugin))), Clause(Atom(sbt.plugins.SbtPlugin),Set(Atom(sbt.ScriptedPlugin))), Clause(Atom(sbt.plugins.SemanticdbPlugin),Set(Atom(sbt.plugins.JvmPlugin))), Clause(Atom(sbt.plugins.JUnitXmlReportPlugin),Set(Atom(sbt.plugins.JvmPlugin))), Clause(Atom(sbt.plugins.MiniDependencyTreePlugin),Set(Atom(sbt.plugins.JvmPlugin))), Clause(Atom(sbt.plugins.CorePlugin),Set(Atom(sbt.plugins.IvyPlugin))), Clause(Atom(sbt.plugins.IvyPlugin),Set(Atom(sbt.plugins.JvmPlugin))), Clause(Atom(sbt.plugins.JvmPlugin),Set(Atom(sbt.plugins.SemanticdbPlugin))), Clause(Atom(sbt.plugins.JvmPlugin),Set(Atom(sbt.plugins.JUnitXmlReportPlugin))), Clause(Atom(sbt.plugins.CorePlugin),Set(Atom(sbt.plugins.Giter8TemplatePlugin))), Clause(Atom(sbt.plugins.JvmPlugin),Set(Atom(sbt.plugins.MiniDependencyTreePlugin)))))
[debug]   :: deduced result: Matched(sbt.plugins.CorePlugin,sbt.plugins.Giter8TemplatePlugin,sbt.plugins.IvyPlugin,sbt.plugins.JvmPlugin,sbt.plugins.MiniDependencyTreePlugin,sbt.plugins.JUnitXmlReportPlugin,sbt.plugins.SemanticdbPlugin)
[debug] Plugins.deducer#function took 1.3889 ms
[debug]               Load.resolveProject(pokrovsky-build) took 1.0029ms
[debug]             Load.loadTransitive: finalizeProject(Project(id pokrovsky-build, base: E:\Programming\JavaProjects\pokrovsky_homework\bigData2020\hw1\pokrovsky\project, plugins: List(<none>))) took 2.7809ms
[debug] [Loading] Done in E:\Programming\JavaProjects\pokrovsky_homework\bigData2020\hw1\pokrovsky\project, returning: (pokrovsky-build)
[debug]           Load.loadUnit: loadedProjectsRaw took 4.5266ms
[debug]           Load.loadUnit: cleanEvalClasses took 0.0085ms
[debug]         Load.loadUnit(file:/E:/Programming/JavaProjects/pokrovsky_homework/bigData2020/hw1/pokrovsky/project/, ...) took 28.6739ms
[debug]       Load.apply: load took 29.6976ms
[debug]       Load.apply: resolveProjects took 0.115ms
[debug]       Load.apply: finalTransforms took 8.7716ms
[debug]       Load.apply: config.delegates took 0.3739ms
[debug]       Load.apply: Def.make(settings)... took 73.8062ms
[debug]       Load.apply: structureIndex took 26.2437ms
[debug]       Load.apply: mkStreams took 0.0023ms
[info] loading project definition from E:\Programming\JavaProjects\pokrovsky_homework\bigData2020\hw1\pokrovsky\project
[debug] Running task... Cancel: Signal, check cycles: false, forcegc: true
[debug]     Load.loadUnit: plugins took 323.0609ms
[debug]     Load.loadUnit: defsScala took 0.0026ms
[debug] [Loading] Scanning directory E:\Programming\JavaProjects\pokrovsky_homework\bigData2020\hw1\pokrovsky
[debug]       Load.loadUnit: mkEval took 9.7318ms
[debug] [Loading] Found non-root projects 
[debug] [Loading] Done in E:\Programming\JavaProjects\pokrovsky_homework\bigData2020\hw1\pokrovsky, returning: ()
[debug] deducing auto plugins based on known facts Set(Atom(sbt.plugins.CorePlugin)) and clauses Clauses(List(Clause(Atom(sbt.plugins.JvmPlugin),Set(Atom(sbt.plugins.IvyPlugin))), Clause(Atom(sbt.ScriptedPlugin),Set(Atom(sbt.plugins.JvmPlugin))), Clause(Atom(sbt.plugins.SbtPlugin),Set(Atom(sbt.ScriptedPlugin))), Clause(Atom(sbt.plugins.SemanticdbPlugin),Set(Atom(sbt.plugins.JvmPlugin))), Clause(Atom(sbt.plugins.JUnitXmlReportPlugin),Set(Atom(sbt.plugins.JvmPlugin))), Clause(Atom(sbt.plugins.MiniDependencyTreePlugin),Set(Atom(sbt.plugins.JvmPlugin))), Clause(Atom(sbt.plugins.CorePlugin),Set(Atom(sbt.plugins.IvyPlugin))), Clause(Atom(sbt.plugins.IvyPlugin),Set(Atom(sbt.plugins.JvmPlugin))), Clause(Atom(sbt.plugins.JvmPlugin),Set(Atom(sbt.plugins.SemanticdbPlugin))), Clause(Atom(sbt.plugins.JvmPlugin),Set(Atom(sbt.plugins.JUnitXmlReportPlugin))), Clause(Atom(sbt.plugins.CorePlugin),Set(Atom(sbt.plugins.Giter8TemplatePlugin))), Clause(Atom(sbt.plugins.JvmPlugin),Set(Atom(sbt.plugins.MiniDependencyTreePlugin)))))
[debug]   :: deduced result: Matched(sbt.plugins.CorePlugin,sbt.plugins.Giter8TemplatePlugin,sbt.plugins.IvyPlugin,sbt.plugins.JvmPlugin,sbt.plugins.MiniDependencyTreePlugin,sbt.plugins.JUnitXmlReportPlugin,sbt.plugins.SemanticdbPlugin)
[debug] Plugins.deducer#function took 1.6082 ms
[info] loading settings for project pokrovsky from build.sbt ...
[debug]         Load.resolveProject(pokrovsky) took 2.2743ms
[debug]       Load.loadTransitive: finalizeProject(Project(id pokrovsky, base: E:\Programming\JavaProjects\pokrovsky_homework\bigData2020\hw1\pokrovsky, plugins: List(<none>))) took 4.3314ms
[debug] [Loading] Done in E:\Programming\JavaProjects\pokrovsky_homework\bigData2020\hw1\pokrovsky, returning: (pokrovsky)
[debug]     Load.loadUnit: loadedProjectsRaw took 1858.6789ms
[debug]     Load.loadUnit: cleanEvalClasses took 8.9793ms
[debug]   Load.loadUnit(file:/E:/Programming/JavaProjects/pokrovsky_homework/bigData2020/hw1/pokrovsky/, ...) took 2191.3941ms
[debug] Load.apply: load took 2192.9284ms
[debug] Load.apply: resolveProjects took 0.1251ms
[debug] Load.apply: finalTransforms took 9.244ms
[debug] Load.apply: config.delegates took 0.4569ms
[debug] Load.apply: Def.make(settings)... took 117.9397ms
[debug] Load.apply: structureIndex took 26.3593ms
[debug] Load.apply: mkStreams took 0.0021ms
[info] set current project to pokrovsky_homework (in build file:/E:/Programming/JavaProjects/pokrovsky_homework/bigData2020/hw1/pokrovsky/)
[debug] > Exec(sbtPopOnFailure, None, None)
[debug] > Exec(resumeFromFailure, None, None)
[debug] > Exec(notifyUsersAboutShell, None, None)
[debug] > Exec(iflast shell, None, None)
[debug] > Exec(shell, None, None)
[info] 
[info] Here are some highlights of this release:
[info]   - Build server protocol (BSP) support
[info]   - sbtn: a native thin client for sbt
[info]   - VirtualFile + RemoteCache: caches build artifacts across different machines
[info]   - ThisBuild / versionScheme to take the guessing out of eviction warning
[info] See http://eed3si9n.com/sbt-1.4.0 for full release notes.
[info] Hide the banner for this release by running `skipBanner`.
[info] sbt server started at local:sbt-server-fe245009f4f535bf26d4
