[debug] > Exec(early(addDefaultCommands), None, None)
[debug] > Exec(addDefaultCommands, None, None)
[debug] > Exec(early(initialize), None, None)
[debug] > Exec(initialize, None, None)
[debug] > Exec(boot, None, None)
[debug] > Exec(writeSbtVersion, None, None)
[debug] > Exec(reload, None, None)
[debug] > Exec(sbtStashOnFailure, None, None)
[debug] > Exec(onFailure loadFailed, None, None)
[debug] > Exec(loadp, None, None)
[info] welcome to sbt 1.4.0 (JetBrains s.r.o Java 11.0.3)
[debug] Load.defaultLoad until apply took 642.7843ms
[debug]           Load.loadUnit: plugins took 114.0396ms
[debug]           Load.loadUnit: defsScala took 0.2849ms
[debug] [Loading] Scanning directory E:\Programming\JavaProjects\pokrovsky_homework\project
[debug] [Loading] Found non-root projects 
[debug] [Loading] Done in E:\Programming\JavaProjects\pokrovsky_homework\project, returning: ()
[debug] deducing auto plugins based on known facts Set(Atom(sbt.plugins.CorePlugin)) and clauses Clauses(List(Clause(Atom(sbt.plugins.JvmPlugin),Set(Atom(sbt.plugins.IvyPlugin))), Clause(Atom(sbt.ScriptedPlugin),Set(Atom(sbt.plugins.JvmPlugin))), Clause(Atom(sbt.plugins.SbtPlugin),Set(Atom(sbt.ScriptedPlugin))), Clause(Atom(sbt.plugins.SemanticdbPlugin),Set(Atom(sbt.plugins.JvmPlugin))), Clause(Atom(sbt.plugins.JUnitXmlReportPlugin),Set(Atom(sbt.plugins.JvmPlugin))), Clause(Atom(sbt.plugins.MiniDependencyTreePlugin),Set(Atom(sbt.plugins.JvmPlugin))), Clause(Atom(sbt.plugins.CorePlugin),Set(Atom(sbt.plugins.IvyPlugin))), Clause(Atom(sbt.plugins.IvyPlugin),Set(Atom(sbt.plugins.JvmPlugin))), Clause(Atom(sbt.plugins.JvmPlugin),Set(Atom(sbt.plugins.SemanticdbPlugin))), Clause(Atom(sbt.plugins.JvmPlugin),Set(Atom(sbt.plugins.JUnitXmlReportPlugin))), Clause(Atom(sbt.plugins.CorePlugin),Set(Atom(sbt.plugins.Giter8TemplatePlugin))), Clause(Atom(sbt.plugins.JvmPlugin),Set(Atom(sbt.plugins.MiniDependencyTreePlugin)))))
[debug]   :: deduced result: Matched(sbt.plugins.CorePlugin,sbt.plugins.Giter8TemplatePlugin,sbt.plugins.IvyPlugin,sbt.plugins.JvmPlugin,sbt.plugins.MiniDependencyTreePlugin,sbt.plugins.JUnitXmlReportPlugin,sbt.plugins.SemanticdbPlugin)
[debug] Plugins.deducer#function took 25.5106 ms
[debug]               Load.resolveProject(pokrovsky_homework-build) took 45.4658ms
[debug]             Load.loadTransitive: finalizeProject(Project(id pokrovsky_homework-build, base: E:\Programming\JavaProjects\pokrovsky_homework\project, plugins: List(<none>))) took 105.858ms
[debug] [Loading] Done in E:\Programming\JavaProjects\pokrovsky_homework\project, returning: (pokrovsky_homework-build)
[debug]           Load.loadUnit: loadedProjectsRaw took 143.6178ms
[debug]           Load.loadUnit: cleanEvalClasses took 0.2426ms
[debug]         Load.loadUnit(file:/E:/Programming/JavaProjects/pokrovsky_homework/project/, ...) took 263.3969ms
[debug]       Load.apply: load took 506.9175ms
[debug]       Load.apply: resolveProjects took 8.9075ms
[debug]       Load.apply: finalTransforms took 60.2108ms
[debug]       Load.apply: config.delegates took 8.2655ms
[debug]       Load.apply: Def.make(settings)... took 2582.9129ms
[debug]       Load.apply: structureIndex took 96.5077ms
[debug]       Load.apply: mkStreams took 1.54ms
[info] loading project definition from E:\Programming\JavaProjects\pokrovsky_homework\project
[debug] Running task... Cancel: Signal, check cycles: false, forcegc: true
[debug]     Load.loadUnit: plugins took 7119.9281ms
[debug]     Load.loadUnit: defsScala took 0.0069ms
[debug] [Loading] Scanning directory E:\Programming\JavaProjects\pokrovsky_homework
[debug]       Load.loadUnit: mkEval took 26.1747ms
[debug] [Loading] Found non-root projects 
[debug] [Loading] Done in E:\Programming\JavaProjects\pokrovsky_homework, returning: ()
[debug] deducing auto plugins based on known facts Set(Atom(sbt.plugins.CorePlugin)) and clauses Clauses(List(Clause(Atom(sbt.plugins.JvmPlugin),Set(Atom(sbt.plugins.IvyPlugin))), Clause(Atom(sbt.ScriptedPlugin),Set(Atom(sbt.plugins.JvmPlugin))), Clause(Atom(sbt.plugins.SbtPlugin),Set(Atom(sbt.ScriptedPlugin))), Clause(Atom(sbt.plugins.SemanticdbPlugin),Set(Atom(sbt.plugins.JvmPlugin))), Clause(Atom(sbt.plugins.JUnitXmlReportPlugin),Set(Atom(sbt.plugins.JvmPlugin))), Clause(Atom(sbt.plugins.MiniDependencyTreePlugin),Set(Atom(sbt.plugins.JvmPlugin))), Clause(Atom(sbt.plugins.CorePlugin),Set(Atom(sbt.plugins.IvyPlugin))), Clause(Atom(sbt.plugins.IvyPlugin),Set(Atom(sbt.plugins.JvmPlugin))), Clause(Atom(sbt.plugins.JvmPlugin),Set(Atom(sbt.plugins.SemanticdbPlugin))), Clause(Atom(sbt.plugins.JvmPlugin),Set(Atom(sbt.plugins.JUnitXmlReportPlugin))), Clause(Atom(sbt.plugins.CorePlugin),Set(Atom(sbt.plugins.Giter8TemplatePlugin))), Clause(Atom(sbt.plugins.JvmPlugin),Set(Atom(sbt.plugins.MiniDependencyTreePlugin)))))
[debug]   :: deduced result: Matched(sbt.plugins.CorePlugin,sbt.plugins.Giter8TemplatePlugin,sbt.plugins.IvyPlugin,sbt.plugins.JvmPlugin,sbt.plugins.MiniDependencyTreePlugin,sbt.plugins.JUnitXmlReportPlugin,sbt.plugins.SemanticdbPlugin)
[debug] Plugins.deducer#function took 3.4013 ms
[info] loading settings for project pokrovsky_homework from build.sbt ...
[debug]         Load.resolveProject(pokrovsky_homework) took 3.9217ms
[debug]       Load.loadTransitive: finalizeProject(Project(id pokrovsky_homework, base: E:\Programming\JavaProjects\pokrovsky_homework, plugins: List(<none>))) took 8.1094ms
[debug] [Loading] Done in E:\Programming\JavaProjects\pokrovsky_homework, returning: (pokrovsky_homework)
[debug]     Load.loadUnit: loadedProjectsRaw took 3566.4631ms
[debug]     Load.loadUnit: cleanEvalClasses took 13.9042ms
[debug]   Load.loadUnit(file:/E:/Programming/JavaProjects/pokrovsky_homework/, ...) took 10701.9872ms
[debug] Load.apply: load took 10724.981ms
[debug] Load.apply: resolveProjects took 0.5845ms
[debug] Load.apply: finalTransforms took 20.7504ms
[debug] Load.apply: config.delegates took 0.586ms
[debug] Load.apply: Def.make(settings)... took 233.1087ms
[debug] Load.apply: structureIndex took 43.2251ms
[debug] Load.apply: mkStreams took 0.0032ms
[info] set current project to pokrovsky_homework (in build file:/E:/Programming/JavaProjects/pokrovsky_homework/)
[debug] > Exec(sbtPopOnFailure, None, None)
[debug] > Exec(resumeFromFailure, None, None)
[debug] > Exec(notifyUsersAboutShell, None, None)
[debug] > Exec(iflast shell, None, None)
[debug] > Exec(shell, None, None)
[info] 
[info] Here are some highlights of this release:
[info]   - Build server protocol (BSP) support
[info]   - sbtn: a native thin client for sbt
[info]   - VirtualFile + RemoteCache: caches build artifacts across different machines
[info]   - ThisBuild / versionScheme to take the guessing out of eviction warning
[info] See http://eed3si9n.com/sbt-1.4.0 for full release notes.
[info] Hide the banner for this release by running `skipBanner`.
[info] sbt server started at local:sbt-server-5ca28b2ae55e9d126d39
